  Linear equation.cpp
C:\Users\ok\Desktop\Linear-equation-master\Linear equation\Linear equation.cpp(58,53): warning C4244:  'return': '_Ty'에서 'int'(으)로 변환하면서 데이터가 손실될 수 있습니다.
C:\Users\ok\Desktop\Linear-equation-master\Linear equation\Linear equation.cpp(58,53): warning C4244:         with
C:\Users\ok\Desktop\Linear-equation-master\Linear equation\Linear equation.cpp(58,53): warning C4244:         [
C:\Users\ok\Desktop\Linear-equation-master\Linear equation\Linear equation.cpp(58,53): warning C4244:             _Ty=float
C:\Users\ok\Desktop\Linear-equation-master\Linear equation\Linear equation.cpp(58,53): warning C4244:         ]
C:\Users\ok\Desktop\Linear-equation-master\Linear equation\Linear equation.cpp(69,60): warning C4244:  '+=': '_Ty'에서 'int'(으)로 변환하면서 데이터가 손실될 수 있습니다.
C:\Users\ok\Desktop\Linear-equation-master\Linear equation\Linear equation.cpp(69,60): warning C4244:         with
C:\Users\ok\Desktop\Linear-equation-master\Linear equation\Linear equation.cpp(69,60): warning C4244:         [
C:\Users\ok\Desktop\Linear-equation-master\Linear equation\Linear equation.cpp(69,60): warning C4244:             _Ty=float
C:\Users\ok\Desktop\Linear-equation-master\Linear equation\Linear equation.cpp(69,60): warning C4244:         ]
C:\Users\ok\Desktop\Linear-equation-master\Linear equation\Linear equation.cpp(97,50): warning C4267:  '인수': 'size_t'에서 'int'(으)로 변환하면서 데이터가 손실될 수 있습니다.
C:\Users\ok\Desktop\Linear-equation-master\Linear equation\Linear equation.cpp(105,78): warning C4267:  '인수': 'size_t'에서 'int'(으)로 변환하면서 데이터가 손실될 수 있습니다.
C:\Users\ok\Desktop\Linear-equation-master\Linear equation\Linear equation.cpp(105,34): warning C4244:  '=': 'int'에서 '_Ty'(으)로 변환하면서 데이터가 손실될 수 있습니다.
C:\Users\ok\Desktop\Linear-equation-master\Linear equation\Linear equation.cpp(105,34): warning C4244:         with
C:\Users\ok\Desktop\Linear-equation-master\Linear equation\Linear equation.cpp(105,34): warning C4244:         [
C:\Users\ok\Desktop\Linear-equation-master\Linear equation\Linear equation.cpp(105,34): warning C4244:             _Ty=float
C:\Users\ok\Desktop\Linear-equation-master\Linear equation\Linear equation.cpp(105,34): warning C4244:         ]
C:\Users\ok\Desktop\Linear-equation-master\Linear equation\Linear equation.cpp(115,46): warning C4267:  '인수': 'size_t'에서 'int'(으)로 변환하면서 데이터가 손실될 수 있습니다.
C:\Users\ok\Desktop\Linear-equation-master\Linear equation\Linear equation.cpp(149,1): warning C4326:  'main'의 반환 형식이 'int'이어야 하는데 'void'입니다.
  Linear equation.vcxproj -> C:\Users\ok\Desktop\Linear-equation-master\x64\Debug\Linear equation.exe
